**********************
Windows PowerShell transcript start
Start time: 20250122110003
Username: DESKTOP-IO2J2VQ\AliAmani
RunAs User: DESKTOP-IO2J2VQ\AliAmani
Configuration Name: 
Machine: DESKTOP-IO2J2VQ (Microsoft Windows NT 10.0.26100.0)
Host Application: powershell -NoExit -Command [Console]::OutputEncoding = [System.Text.Encoding]::UTF8; [Console]::InputEncoding = [System.Text.Encoding]::UTF8; $OutputEncoding = [System.Text.Encoding]::UTF8; $host.ui.RawUI.WindowTitle = "Scraper - 16_CalProcure.py"; Start-Transcript -Path "scrapers\logs\16_CalProcure_IN_PROGRESS.log" -Append; Write-Host "`n=== Scraper Status ===" -ForegroundColor Cyan; Write-Host "Script: 16_CalProcure.py" -ForegroundColor Yellow; Write-Host "Status: Running" -ForegroundColor Green; Write-Host "Start Time: 10:59:53" -ForegroundColor Yellow; Write-Host "Log File: scrapers\logs\16_CalProcure_IN_PROGRESS.log" -ForegroundColor Cyan; Write-Host "==============================`n"; function Format-ScraperOutput {     param($Message)     $timestamp = Get-Date -Format "HH:mm:ss";     if ($Message -match "^ERROR|FAILED|CRITICAL") {         Write-Host "[$timestamp] " -NoNewline;         Write-Host $Message -ForegroundColor Red;     }     elseif ($Message -match "^WARNING") {         Write-Host "[$timestamp] " -NoNewline;         Write-Host $Message -ForegroundColor Yellow;     }     elseif ($Message -match "^SUCCESS|COMPLETED|✓") {         Write-Host "[$timestamp] " -NoNewline;         Write-Host $Message -ForegroundColor Green;     }     elseif ($Message -match "^INFO|PROGRESS") {         Write-Host "[$timestamp] " -NoNewline;         Write-Host $Message -ForegroundColor Cyan;     }     else {         Write-Host "[$timestamp] $Message";     } }; & "C:\Users\AliAmani\Miniconda3\envs\bids\python.exe" "scrapers/16_CalProcure.py" --days 1 2>&1 | ForEach-Object {     Format-ScraperOutput $_;     $host.ui.RawUI.WindowTitle = "Scraper - 16_CalProcure.py - Running..."; }; $exitCode = $LASTEXITCODE; Stop-Transcript; if ($exitCode -eq 0) {     Rename-Item -Path "scrapers\logs\16_CalProcure_IN_PROGRESS.log" -NewName "scrapers\logs\16_CalProcure_COMPLETED.log" -Force; } else {     Rename-Item -Path "scrapers\logs\16_CalProcure_IN_PROGRESS.log" -NewName "scrapers\logs\16_CalProcure_FAILED.log" -Force; } Write-Host "`n=== Final Status ===" -ForegroundColor Cyan; Write-Host "End Time: " -NoNewline; Write-Host $(Get-Date -Format "HH:mm:ss") -ForegroundColor Yellow; Write-Host "Duration: " -NoNewline; Write-Host $([math]::Round(((Get-Date) - (Get-Date "10:59:53")).TotalMinutes, 2)) -NoNewline -ForegroundColor Yellow; Write-Host " minutes"; if ($exitCode -eq 0) {     Write-Host "Status: " -NoNewline;     Write-Host "Completed Successfully" -ForegroundColor Green;     $host.ui.RawUI.WindowTitle = "Scraper - 16_CalProcure.py - Completed ✓"; } else {     Write-Host "Status: " -NoNewline;     Write-Host "Failed" -ForegroundColor Red;     $host.ui.RawUI.WindowTitle = "Scraper - 16_CalProcure.py - Failed ✗";     Write-Host "Exit Code: $exitCode" -ForegroundColor Red; } Write-Host "==============================" -ForegroundColor Cyan; exit $exitCode; 
Process ID: 28540
PSVersion: 5.1.26100.2161
PSEdition: Desktop
PSCompatibleVersions: 1.0, 2.0, 3.0, 4.0, 5.0, 5.1.26100.2161
BuildVersion: 10.0.26100.2161
CLRVersion: 4.0.30319.42000
WSManStackVersion: 3.0
PSRemotingProtocolVersion: 2.3
SerializationVersion: 1.1.0.1
**********************
Transcript started, output file is scrapers\logs\16_CalProcure_IN_PROGRESS.log

=== Scraper Status ===
Script: 16_CalProcure.py
Status: Running
Start Time: 10:59:53
Log File: scrapers\logs\16_CalProcure_IN_PROGRESS.log
==============================
[11:00:04] Traceback (most recent call last):
[11:00:04]   File "D:\PPH\web-scraping\scrapers\16_CalProcure.py", line 281, in setup_folders
[11:00:04]     print(f"\u2705 Created main folder: {self.main_folder}")
[11:00:04]   File "C:\Users\AliAmani\Miniconda3\envs\bids\Lib\encodings\cp1252.py", line 19, in encode
[11:00:04]     return codecs.charmap_encode(input,self.errors,encoding_table)[0]
[11:00:04]            ^^^^^^^^^^^^^^^^^^^^^^^^^^^^^^^^^^^^^^^^^^^^^^^^^^^^^^^
[11:00:04] UnicodeEncodeError: 'charmap' codec can't encode character '\u2705' in position 0: character maps to <undefined>
[11:00:04] System.Management.Automation.RemoteException
[11:00:04] During handling of the above exception, another exception occurred:
[11:00:04] System.Management.Automation.RemoteException
[11:00:04] Traceback (most recent call last):
[11:00:04]   File "D:\PPH\web-scraping\scrapers\16_CalProcure.py", line 1330, in <module>
[11:00:04]     main()
[11:00:04]   File "D:\PPH\web-scraping\scrapers\16_CalProcure.py", line 1325, in main
[11:00:04]     scraper = CalProcureScraper(days_back=args.days)
[11:00:04]               ^^^^^^^^^^^^^^^^^^^^^^^^^^^^^^^^^^^^^^
[11:00:04]   File "D:\PPH\web-scraping\scrapers\16_CalProcure.py", line 271, in __init__
[11:00:04]     self.setup_folders()
[11:00:04]   File "D:\PPH\web-scraping\scrapers\16_CalProcure.py", line 297, in setup_folders
[11:00:04]     print(f"\u274c Error creating folders: {str(e)}")
[11:00:04]   File "C:\Users\AliAmani\Miniconda3\envs\bids\Lib\encodings\cp1252.py", line 19, in encode
[11:00:04]     return codecs.charmap_encode(input,self.errors,encoding_table)[0]
[11:00:04]            ^^^^^^^^^^^^^^^^^^^^^^^^^^^^^^^^^^^^^^^^^^^^^^^^^^^^^^^
[11:00:04] UnicodeEncodeError: 'charmap' codec can't encode character '\u274c' in position 0: character maps to <undefined>
**********************
Windows PowerShell transcript end
End time: 20250122110004
**********************
**********************
Windows PowerShell transcript start
Start time: 20250122110232
Username: DESKTOP-IO2J2VQ\AliAmani
RunAs User: DESKTOP-IO2J2VQ\AliAmani
Configuration Name: 
Machine: DESKTOP-IO2J2VQ (Microsoft Windows NT 10.0.26100.0)
Host Application: powershell -NoExit -Command [Console]::OutputEncoding = [System.Text.Encoding]::UTF8; [Console]::InputEncoding = [System.Text.Encoding]::UTF8; $OutputEncoding = [System.Text.Encoding]::UTF8; $host.ui.RawUI.WindowTitle = "Scraper - 16_CalProcure.py"; Start-Transcript -Path "scrapers\logs\16_CalProcure_IN_PROGRESS.log" -Append; Write-Host "`n=== Scraper Status ===" -ForegroundColor Cyan; Write-Host "Script: 16_CalProcure.py" -ForegroundColor Yellow; Write-Host "Status: Running" -ForegroundColor Green; Write-Host "Start Time: 11:02:21" -ForegroundColor Yellow; Write-Host "Log File: scrapers\logs\16_CalProcure_IN_PROGRESS.log" -ForegroundColor Cyan; Write-Host "==============================`n"; function Format-ScraperOutput {     param($Message)     $timestamp = Get-Date -Format "HH:mm:ss";     if ($Message -match "^ERROR|FAILED|CRITICAL") {         Write-Host "[$timestamp] " -NoNewline;         Write-Host $Message -ForegroundColor Red;     }     elseif ($Message -match "^WARNING") {         Write-Host "[$timestamp] " -NoNewline;         Write-Host $Message -ForegroundColor Yellow;     }     elseif ($Message -match "^SUCCESS|COMPLETED|✓") {         Write-Host "[$timestamp] " -NoNewline;         Write-Host $Message -ForegroundColor Green;     }     elseif ($Message -match "^INFO|PROGRESS") {         Write-Host "[$timestamp] " -NoNewline;         Write-Host $Message -ForegroundColor Cyan;     }     else {         Write-Host "[$timestamp] $Message";     } }; & "C:\Users\AliAmani\Miniconda3\envs\bids\python.exe" "scrapers/16_CalProcure.py" --days 1 2>&1 | ForEach-Object {     Format-ScraperOutput $_;     $host.ui.RawUI.WindowTitle = "Scraper - 16_CalProcure.py - Running..."; }; $exitCode = $LASTEXITCODE; Stop-Transcript; if ($exitCode -eq 0) {     Rename-Item -Path "scrapers\logs\16_CalProcure_IN_PROGRESS.log" -NewName "scrapers\logs\16_CalProcure_COMPLETED.log" -Force; } else {     Rename-Item -Path "scrapers\logs\16_CalProcure_IN_PROGRESS.log" -NewName "scrapers\logs\16_CalProcure_FAILED.log" -Force; } Write-Host "`n=== Final Status ===" -ForegroundColor Cyan; Write-Host "End Time: " -NoNewline; Write-Host $(Get-Date -Format "HH:mm:ss") -ForegroundColor Yellow; Write-Host "Duration: " -NoNewline; Write-Host $([math]::Round(((Get-Date) - (Get-Date "11:02:21")).TotalMinutes, 2)) -NoNewline -ForegroundColor Yellow; Write-Host " minutes"; if ($exitCode -eq 0) {     Write-Host "Status: " -NoNewline;     Write-Host "Completed Successfully" -ForegroundColor Green;     $host.ui.RawUI.WindowTitle = "Scraper - 16_CalProcure.py - Completed ✓"; } else {     Write-Host "Status: " -NoNewline;     Write-Host "Failed" -ForegroundColor Red;     $host.ui.RawUI.WindowTitle = "Scraper - 16_CalProcure.py - Failed ✗";     Write-Host "Exit Code: $exitCode" -ForegroundColor Red; } Write-Host "==============================" -ForegroundColor Cyan; exit $exitCode; 
Process ID: 19200
PSVersion: 5.1.26100.2161
PSEdition: Desktop
PSCompatibleVersions: 1.0, 2.0, 3.0, 4.0, 5.0, 5.1.26100.2161
BuildVersion: 10.0.26100.2161
CLRVersion: 4.0.30319.42000
WSManStackVersion: 3.0
PSRemotingProtocolVersion: 2.3
SerializationVersion: 1.1.0.1
**********************
Transcript started, output file is scrapers\logs\16_CalProcure_IN_PROGRESS.log

=== Scraper Status ===
Script: 16_CalProcure.py
Status: Running
Start Time: 11:02:21
Log File: scrapers\logs\16_CalProcure_IN_PROGRESS.log
==============================
[11:02:35] Traceback (most recent call last):
[11:02:35]   File "D:\PPH\web-scraping\scrapers\16_CalProcure.py", line 281, in setup_folders
[11:02:35]     print(f"\u2705 Created main folder: {self.main_folder}")
[11:02:35]   File "C:\Users\AliAmani\Miniconda3\envs\bids\Lib\encodings\cp1252.py", line 19, in encode
[11:02:35]     return codecs.charmap_encode(input,self.errors,encoding_table)[0]
[11:02:35]            ^^^^^^^^^^^^^^^^^^^^^^^^^^^^^^^^^^^^^^^^^^^^^^^^^^^^^^^
[11:02:35] UnicodeEncodeError: 'charmap' codec can't encode character '\u2705' in position 0: character maps to <undefined>
[11:02:35] System.Management.Automation.RemoteException
[11:02:35] During handling of the above exception, another exception occurred:
[11:02:35] System.Management.Automation.RemoteException
[11:02:35] Traceback (most recent call last):
[11:02:35]   File "D:\PPH\web-scraping\scrapers\16_CalProcure.py", line 1330, in <module>
[11:02:35]     main()
[11:02:35]   File "D:\PPH\web-scraping\scrapers\16_CalProcure.py", line 1325, in main
[11:02:35]     scraper = CalProcureScraper(days_back=args.days)
[11:02:35]               ^^^^^^^^^^^^^^^^^^^^^^^^^^^^^^^^^^^^^^
[11:02:35]   File "D:\PPH\web-scraping\scrapers\16_CalProcure.py", line 271, in __init__
[11:02:35]     self.setup_folders()
[11:02:35]   File "D:\PPH\web-scraping\scrapers\16_CalProcure.py", line 297, in setup_folders
[11:02:35]     print(f"\u274c Error creating folders: {str(e)}")
[11:02:35]   File "C:\Users\AliAmani\Miniconda3\envs\bids\Lib\encodings\cp1252.py", line 19, in encode
[11:02:35]     return codecs.charmap_encode(input,self.errors,encoding_table)[0]
[11:02:35]            ^^^^^^^^^^^^^^^^^^^^^^^^^^^^^^^^^^^^^^^^^^^^^^^^^^^^^^^
[11:02:35] UnicodeEncodeError: 'charmap' codec can't encode character '\u274c' in position 0: character maps to <undefined>
**********************
Windows PowerShell transcript end
End time: 20250122110235
**********************
